Change Component Footprint: Designator=C3 Old Footprint=CAPC1608X90N New Footprint=CP_D10_P5_L16
Change Component Footprint: Designator=C5 Old Footprint=CAPC1608X90N New Footprint=CP_D10_P5_L16
Change Component Footprint: Designator=C15 Old Footprint=CAPC1608X90N New Footprint=CP_D10_P5_L16
Added Component: Designator=HL1(ledrad3mm)
Added Component: Designator=L3(SS0704)
Added Component: Designator=XS1(KLD-0202)
Add Pin To Net: Unknown Pin: Pin D5-1
Add Pin To Net: Unknown Pin: Pin D5-2
Add Pin To Net: Unknown Pin: Pin D5-3
Add Pin To Net: Unknown Pin: Pin D5-5
Add Pin To Net: Unknown Pin: Pin D5-8
Add Pin To Net: Unknown Pin: Pin D5-9
Add Pin To Net: Unknown Pin: Pin D5-10
Add Pin To Net: Unknown Pin: Pin D5-11
Add Pin To Net: Unknown Pin: Pin D5-12
Add Pin To Net: Unknown Pin: Pin D5-13
Add Pin To Net: Unknown Pin: Pin D5-14
Add Pin To Net: Unknown Pin: Pin D5-15
Added Pin To Net: NetName=GND Pin=HL1-1
Added Pin To Net: NetName=NetHL1_2 Pin=HL1-2
Added Pin To Net: NetName=NetC14_2 Pin=L3-1
Added Pin To Net: NetName=+3.3V Pin=L3-2
Add Pin To Net: Unknown Pin: Pin SB1-1
Add Pin To Net: Unknown Pin: Pin SB1-2
Added Pin To Net: NetName=GND Pin=XS1-1
Added Pin To Net: NetName=NetL1_1 Pin=XS1-2
Add Pin To Net: Unknown Pin: Pin Z1-1
Add Pin To Net: Unknown Pin: Pin Z1-3
Add Pin To Net: Unknown Pin: Pin Z1-E
Add Class Member: Failed to add class member : Component D5 Обозначение при заказе
Added Member To Class: ClassName=Sheet1 Member=Component HL1
Added Member To Class: ClassName=Sheet1 Member=Component L3
Add Class Member: Failed to add class member : Component SB1
Added Member To Class: ClassName=Sheet1 Member=Component XS1 HYR-0142AR
Add Class Member: Failed to add class member : Component Z1 =Value
Added Room: Name=Sheet1
